run: git/c/algorithms/bisection-method.c

f(x) = x⁴ - x - 10
         a         b         t         f(a)       f(b)      f(t)
i:0:     1.000     2.000     1.500     -10.000    4.000     -6.438
i:1:     1.500     2.000     1.750     -6.438     4.000     -2.371
i:2:     1.750     2.000     1.875     -2.371     4.000     0.485
i:3:     1.750     1.875     1.812     -2.371     0.485     -1.020
i:4:     1.812     1.875     1.844     -1.020     0.485     -0.288
i:5:     1.844     1.875     1.859     -0.288     0.485     0.093
i:6:     1.844     1.859     1.852     -0.288     0.093     -0.098
i:7:     1.852     1.859     1.855     -0.098     0.093     -0.003
i:8:     1.855     1.859     1.857     -0.003     0.093     0.045
i:9:     1.855     1.857     1.856     -0.003     0.045     0.021
i:10:     1.855     1.856     1.856     -0.003     0.021     0.009
  result = 1.855, 1.856
    exact error      = -0.001
    relative error   = -0.001
    percentage error = -0.053

f(x) = x - e^(-x)
         a         b         t         f(a)      f(b)      f(t)
i:0:     0.000     1.000     0.500     -1.000     0.632     -0.107
i:1:     0.500     1.000     0.750     -0.107     0.632     0.278
i:2:     0.500     0.750     0.625     -0.107     0.278     0.090
i:3:     0.500     0.625     0.562     -0.107     0.090     -0.007
i:4:     0.562     0.625     0.594     -0.007     0.090     0.041
i:5:     0.562     0.594     0.578     -0.007     0.041     0.017
i:6:     0.562     0.578     0.570     -0.007     0.017     0.005
i:7:     0.562     0.570     0.566     -0.007     0.005     -0.001
i:8:     0.566     0.570     0.568     -0.001     0.005     0.002
i:9:     0.566     0.568     0.567     -0.001     0.002     0.000
i:10:     0.566     0.567     0.567     -0.001     0.000     -0.000
  result = 0.566, 0.567
    exact error      = -0.001
    relative error   = -0.002
    percentage error = -0.172

f(x) = e^(-x) - 3 log(x)
         a         b         t         f(a)      f(b)      f(t)
i:0:     1.000     1.368     1.184     0.368     -0.685     -0.201
i:1:     1.000     1.184     1.092     0.368     -0.201     0.072
i:2:     1.092     1.184     1.138     0.072     -0.201     -0.067
i:3:     1.092     1.138     1.115     0.072     -0.067     0.001
i:4:     1.115     1.138     1.127     0.001     -0.067     -0.033
i:5:     1.115     1.127     1.121     0.001     -0.033     -0.016
i:6:     1.115     1.121     1.118     0.001     -0.016     -0.007
i:7:     1.115     1.118     1.116     0.001     -0.007     -0.003
i:8:     1.115     1.116     1.116     0.001     -0.003     -0.001
i:9:     1.115     1.116     1.115     0.001     -0.001     0.000
  result = 1.115, 1.116
    exact error      = -0.001
    relative error   = -0.001
    percentage error = -0.064

f(x) = e^(-x) * (x² + 5x + 2) + 1
         a         b         t         f(a)      f(b)      f(t)
i:0:     1.000     2.000     1.500     3.943     3.165     3.622
i:1:     1.500     2.000     1.750     3.622     3.165     3.400
i:2:     1.750     2.000     1.875     3.400     3.165     3.284
i:3:     1.875     2.000     1.938     3.284     3.165     3.225
i:4:     1.938     2.000     1.969     3.225     3.165     3.195
i:5:     1.969     2.000     1.984     3.195     3.165     3.180
i:6:     1.984     2.000     1.992     3.180     3.165     3.173
i:7:     1.992     2.000     1.996     3.173     3.165     3.169
i:8:     1.996     2.000     1.998     3.169     3.165     3.167
i:9:     1.998     2.000     1.999     3.167     3.165     3.166
i:10:     1.999     2.000     2.000     3.166     3.165     3.166
  result = 1.999, 2.000
    exact error      = -0.001
    relative error   = -0.000
    percentage error = -0.049
